0 info it worked if it ends with ok
1 verbose cli [ 'node', '/usr/local/bin/npm', 'install', 'bitters' ]
2 info using npm@2.9.0
3 info using node@v0.10.34
4 verbose node symlink /usr/local/bin/node
5 verbose install initial load of /Users/aristidesstaffieri/weddingV2/package.json
6 warn package.json sms-test@0.0.1 No repository field.
7 verbose installManyTop reading scoped package data from /Users/aristidesstaffieri/weddingV2/node_modules/angular/package.json
8 verbose installManyTop reading scoped package data from /Users/aristidesstaffieri/weddingV2/node_modules/angular-mocks/package.json
9 verbose installManyTop reading scoped package data from /Users/aristidesstaffieri/weddingV2/node_modules/angular-route/package.json
10 verbose installManyTop reading scoped package data from /Users/aristidesstaffieri/weddingV2/node_modules/angularfire/package.json
11 verbose installManyTop reading scoped package data from /Users/aristidesstaffieri/weddingV2/node_modules/body-parser/package.json
12 verbose installManyTop reading scoped package data from /Users/aristidesstaffieri/weddingV2/node_modules/chai/package.json
13 verbose installManyTop reading scoped package data from /Users/aristidesstaffieri/weddingV2/node_modules/ejs/package.json
14 verbose installManyTop reading scoped package data from /Users/aristidesstaffieri/weddingV2/node_modules/express/package.json
15 verbose installManyTop reading scoped package data from /Users/aristidesstaffieri/weddingV2/node_modules/firebase/package.json
16 verbose installManyTop reading scoped package data from /Users/aristidesstaffieri/weddingV2/node_modules/firebase-token-generator/package.json
17 verbose installManyTop reading scoped package data from /Users/aristidesstaffieri/weddingV2/node_modules/gulp/package.json
18 verbose installManyTop reading scoped package data from /Users/aristidesstaffieri/weddingV2/node_modules/gulp-develop-server/package.json
19 verbose installManyTop reading scoped package data from /Users/aristidesstaffieri/weddingV2/node_modules/gulp-livereload/package.json
20 verbose installManyTop reading scoped package data from /Users/aristidesstaffieri/weddingV2/node_modules/gulp-plumber/package.json
21 verbose installManyTop reading scoped package data from /Users/aristidesstaffieri/weddingV2/node_modules/gulp-ruby-sass/package.json
22 verbose installManyTop reading scoped package data from /Users/aristidesstaffieri/weddingV2/node_modules/gulp-uglify/package.json
23 verbose installManyTop reading scoped package data from /Users/aristidesstaffieri/weddingV2/node_modules/jquery/package.json
24 verbose installManyTop reading scoped package data from /Users/aristidesstaffieri/weddingV2/node_modules/karma/package.json
25 verbose installManyTop reading scoped package data from /Users/aristidesstaffieri/weddingV2/node_modules/karma-chai/package.json
26 verbose installManyTop reading scoped package data from /Users/aristidesstaffieri/weddingV2/node_modules/karma-mocha/package.json
27 verbose installManyTop reading scoped package data from /Users/aristidesstaffieri/weddingV2/node_modules/karma-phantomjs-launcher/package.json
28 verbose installManyTop reading scoped package data from /Users/aristidesstaffieri/weddingV2/node_modules/mocha/package.json
29 verbose installManyTop reading scoped package data from /Users/aristidesstaffieri/weddingV2/node_modules/mockfirebase/package.json
30 verbose installManyTop reading scoped package data from /Users/aristidesstaffieri/weddingV2/node_modules/nodemailer/package.json
31 verbose installManyTop reading scoped package data from /Users/aristidesstaffieri/weddingV2/node_modules/snapsvg/package.json
32 warn package.json karma-mocha@0.1.10 No README data
33 verbose readDependencies loading dependencies from /Users/aristidesstaffieri/weddingV2/package.json
34 silly cache add args [ 'bitters', null ]
35 verbose cache add spec bitters
36 silly cache add parsed spec { raw: 'bitters',
36 silly cache add   scope: null,
36 silly cache add   name: 'bitters',
36 silly cache add   rawSpec: '',
36 silly cache add   spec: '*',
36 silly cache add   type: 'range' }
37 silly addNamed bitters@*
38 verbose addNamed "*" is a valid semver range for bitters
39 silly addNameRange { name: 'bitters', range: '*', hasData: false }
40 silly mapToRegistry name bitters
41 silly mapToRegistry using default registry
42 silly mapToRegistry registry https://registry.npmjs.org/
43 silly mapToRegistry uri https://registry.npmjs.org/bitters
44 verbose addNameRange registry:https://registry.npmjs.org/bitters not in flight; fetching
45 verbose request uri https://registry.npmjs.org/bitters
46 verbose request no auth needed
47 info attempt registry request try #1 at 17:48:48
48 verbose request id 9d34e1301cd5dbbc
49 http request GET https://registry.npmjs.org/bitters
50 http 404 https://registry.npmjs.org/bitters
51 verbose headers { server: 'CouchDB/1.5.0 (Erlang OTP/R16B03)',
51 verbose headers   'content-type': 'application/json',
51 verbose headers   'cache-control': 'max-age=0',
51 verbose headers   'content-length': '51',
51 verbose headers   'accept-ranges': 'bytes',
51 verbose headers   date: 'Mon, 11 May 2015 23:48:49 GMT',
51 verbose headers   via: '1.1 varnish',
51 verbose headers   age: '0',
51 verbose headers   connection: 'keep-alive',
51 verbose headers   'x-served-by': 'cache-sjc3130-SJC',
51 verbose headers   'x-cache': 'MISS',
51 verbose headers   'x-cache-hits': '0',
51 verbose headers   'x-timer': 'S1431388128.969833,VS0,VE92' }
52 silly get cb [ 404,
52 silly get   { server: 'CouchDB/1.5.0 (Erlang OTP/R16B03)',
52 silly get     'content-type': 'application/json',
52 silly get     'cache-control': 'max-age=0',
52 silly get     'content-length': '51',
52 silly get     'accept-ranges': 'bytes',
52 silly get     date: 'Mon, 11 May 2015 23:48:49 GMT',
52 silly get     via: '1.1 varnish',
52 silly get     age: '0',
52 silly get     connection: 'keep-alive',
52 silly get     'x-served-by': 'cache-sjc3130-SJC',
52 silly get     'x-cache': 'MISS',
52 silly get     'x-cache-hits': '0',
52 silly get     'x-timer': 'S1431388128.969833,VS0,VE92' } ]
53 verbose stack Error: 404 Not Found: bitters
53 verbose stack     at CachingRegistryClient.<anonymous> (/usr/local/lib/node_modules/npm/node_modules/npm-registry-client/lib/request.js:245:14)
53 verbose stack     at Request._callback (/usr/local/lib/node_modules/npm/node_modules/npm-registry-client/lib/request.js:170:14)
53 verbose stack     at Request.self.callback (/usr/local/lib/node_modules/npm/node_modules/request/request.js:368:22)
53 verbose stack     at Request.emit (events.js:98:17)
53 verbose stack     at Request.<anonymous> (/usr/local/lib/node_modules/npm/node_modules/request/request.js:1219:14)
53 verbose stack     at Request.emit (events.js:117:20)
53 verbose stack     at IncomingMessage.<anonymous> (/usr/local/lib/node_modules/npm/node_modules/request/request.js:1167:12)
53 verbose stack     at IncomingMessage.emit (events.js:117:20)
53 verbose stack     at _stream_readable.js:944:16
53 verbose stack     at process._tickCallback (node.js:442:13)
54 verbose statusCode 404
55 verbose pkgid bitters
56 verbose cwd /Users/aristidesstaffieri/weddingV2
57 error Darwin 14.3.0
58 error argv "node" "/usr/local/bin/npm" "install" "bitters"
59 error node v0.10.34
60 error npm  v2.9.0
61 error code E404
62 error 404 Not Found: bitters
62 error 404
62 error 404 'bitters' is not in the npm registry.
62 error 404 You should bug the author to publish it (or use the name yourself!)
62 error 404 It was specified as a dependency of 'sms-test'
62 error 404
62 error 404 Note that you can also install from a
62 error 404 tarball, folder, http url, or git url.
63 verbose exit [ 1, true ]
